2026-06-10 05:10:28,159 - INFO - Opening TutorialsNinja Website
2026-06-10 05:10:30,007 - INFO - Opening TutorialsNinja Website
2026-06-10 05:10:31,189 - INFO - Opening TutorialsNinja Website
2026-06-10 05:10:31,701 - INFO - Opening TutorialsNinja Website
2026-06-10 05:10:33,011 - INFO - Entering Email : hlhl@gmail.com
2026-06-10 05:10:34,910 - INFO - Entering Email : hlhls@gmail.com
2026-06-10 05:10:35,364 - INFO - Entering Email : hlhl@gmail.com
2026-06-10 05:10:35,382 - INFO - Entering Email : hlhl@gmail.com
2026-06-10 05:10:37,839 - INFO - Login Successful
2026-06-10 05:10:41,077 - INFO - Login Successful
2026-06-10 05:11:16,078 - INFO - Opening TutorialsNinja Website
2026-06-10 05:11:18,682 - INFO - Opening TutorialsNinja Website
2026-06-10 05:11:19,360 - INFO - Opening TutorialsNinja Website
2026-06-10 05:11:20,159 - INFO - Opening TutorialsNinja Website
2026-06-10 05:11:21,472 - INFO - Entering Email : hlhl@gmail.com
2026-06-10 05:11:22,943 - INFO - Entering Email : hlhl@gmail.com
2026-06-10 05:11:23,007 - INFO - Entering Email : hlhl@gmail.com
2026-06-10 05:11:23,423 - INFO - Entering Email : hlhls@gmail.com
2026-06-10 05:11:24,841 - INFO - Error message shown Successful
2026-06-10 05:11:26,767 - INFO - Error message shown Successful
2026-06-10 05:11:26,911 - INFO - Login Successful
2026-06-10 05:11:26,913 - INFO - Login Successful
2026-06-10 05:12:45,855 - INFO - Opening TutorialsNinja Website
2026-06-10 05:12:46,972 - INFO - Opening TutorialsNinja Website
2026-06-10 05:12:47,299 - INFO - Opening TutorialsNinja Website
2026-06-10 05:12:48,073 - INFO - Entering Email : hlhl@gmail.com
2026-06-10 05:12:50,528 - INFO - Entering Email : hlhls@gmail.com
2026-06-10 05:12:50,733 - INFO - Entering Email : hlhl@gmail.com
2026-06-10 05:12:50,777 - INFO - Entering Email : hlhl@gmail.com
2026-06-10 05:12:51,654 - INFO - Error message shown Successful
2026-06-10 05:12:53,586 - INFO - Error message shown Successful
2026-06-10 05:12:54,539 - INFO - Login Successful
2026-06-10 05:12:54,732 - INFO - Login Successful
2026-06-10 05:22:00,878 - INFO - Opening TutorialsNinja Website
2026-06-10 05:22:01,139 - INFO - Opening TutorialsNinja Website
2026-06-10 05:22:01,160 - INFO - Opening TutorialsNinja Website
2026-06-10 05:22:01,360 - INFO - Opening TutorialsNinja Website
2026-06-10 05:22:03,573 - INFO - Entering Email : hlhl@gmail.com
2026-06-10 05:22:05,126 - INFO - Entering Email : hlhls@gmail.com
2026-06-10 05:22:05,226 - INFO - Entering Email : hlhl@gmail.com
2026-06-10 05:22:06,010 - INFO - Entering Email : hlhl@gmail.com
2026-06-10 05:22:08,327 - INFO - Error message shown Successful
2026-06-10 05:22:10,736 - INFO - Login Successful
2026-06-10 05:22:10,964 - INFO - Login Successful
2026-06-10 05:22:11,009 - INFO - Error message shown Successful
2026-06-10 05:34:18,308 - INFO - Entering Email : hlhl@gmail.com
2026-06-10 05:34:18,463 - INFO - Entering Email : hlhl@gmail.com
2026-06-10 05:34:19,139 - INFO - Entering Email : hlhl@gmail.com
2026-06-10 05:34:21,345 - INFO - Entering Email : hlhls@gmail.com
2026-06-10 05:34:22,131 - INFO - Error message shown Successful
2026-06-10 05:34:22,580 - INFO - Login Successful
2026-06-10 05:34:24,042 - INFO - Login Successful
2026-06-10 05:39:37,978 - INFO - Entering Email : hlhl@gmail.com
2026-06-10 05:39:40,339 - INFO - Entering Email : hlhls@gmail.com
2026-06-10 05:39:40,811 - INFO - Entering Email : hlhl@gmail.com
2026-06-10 05:39:41,387 - INFO - Login Successful
2026-06-10 05:39:41,681 - INFO - Entering Email : hlhl@gmail.com
2026-06-10 05:39:45,248 - INFO - Login Successful
2026-06-10 05:39:45,258 - INFO - Error message shown Successful
