2026-06-10 08:00:57,175 - INFO - bvetrivel@gmail.com Entered
2026-06-10 08:00:58,615 - INFO - Login Successful
2026-06-10 08:01:04,575 - INFO - vetrivel1@gmail.com Entered
2026-06-10 08:01:06,513 - INFO - Login Successful
2026-06-10 08:01:12,064 - INFO - v@gmail.com Entered
2026-06-10 08:01:13,297 - INFO - Error message shown Successful
2026-06-10 08:01:18,868 - INFO - vetri@gmail.com Entered
2026-06-10 08:01:20,304 - INFO - Error message shown Successful
2026-06-10 08:03:27,818 - INFO - vetri@gmail.com Entered
2026-06-10 08:03:28,262 - INFO - vetrivel1@gmail.com Entered
2026-06-10 08:03:28,435 - INFO - v@gmail.com Entered
2026-06-10 08:03:28,439 - INFO - bvetrivel@gmail.com Entered
2026-06-10 08:03:29,444 - INFO - Error message shown Successful
2026-06-10 08:03:30,674 - INFO - Error message shown Successful
2026-06-10 08:03:31,200 - INFO - Login Successful
2026-06-10 08:03:31,362 - INFO - Login Successful
2026-06-10 08:06:31,756 - INFO - bvetrivel@gmail.com Entered
2026-06-10 08:06:34,026 - INFO - Login Successful
2026-06-10 08:06:47,125 - INFO - vetrivel1@gmail.com Entered
2026-06-10 08:06:48,538 - INFO - Login Successful
2026-06-10 08:06:54,184 - INFO - v@gmail.com Entered
2026-06-10 08:06:55,335 - INFO - Error message shown Successful
2026-06-10 08:07:02,704 - INFO - vetri@gmail.com Entered
2026-06-10 08:07:04,845 - INFO - Error message shown Successful
2026-06-10 08:07:40,886 - INFO - bvetrivel@gmail.com Entered
2026-06-10 08:07:42,354 - INFO - Login Successful
2026-06-10 08:07:47,880 - INFO - vetrivel1@gmail.com Entered
2026-06-10 08:07:49,402 - INFO - Login Successful
2026-06-10 08:07:55,131 - INFO - v@gmail.com Entered
2026-06-10 08:07:56,417 - INFO - Error message shown Successful
2026-06-10 08:08:02,058 - INFO - vetri@gmail.com Entered
2026-06-10 08:08:03,886 - INFO - Error message shown Successful
